==23066== NVPROF is profiling process 23066, command: ./attention
==23066== Profiling application: ./attention
==23066== Profiling result:
            Type  Time(%)      Time     Calls       Avg       Min       Max  Name
 GPU activities:   34.51%  87.551us         4  21.887us  8.9280us  60.703us  [CUDA memcpy HtoD]
                   20.32%  51.552us         1  51.552us  51.552us  51.552us  [CUDA memcpy DtoH]
                   17.56%  44.543us         1  44.543us  44.543us  44.543us  volta_sgemm_128x32_nt
                   12.67%  32.128us         3  10.709us  9.3440us  13.280us  volta_sgemm_64x32_sliced1x4_nn
                    7.17%  18.176us         1  18.176us  18.176us  18.176us  scale_kernel(float*, int, float)
                    4.44%  11.264us         1  11.264us  11.264us  11.264us  volta_sgemm_128x32_nn
                    1.79%  4.5440us         1  4.5440us  4.5440us  4.5440us  void softmax_fw_small_kernel<float, float, int=1, int=16, int=32, int=1>(float*, float const *, int, int, int, float, float)
                    1.54%  3.9040us         1  3.9040us  3.9040us  3.9040us  [CUDA memset]
      API calls:   50.71%  123.90ms        14  8.8501ms  1.9000us  123.24ms  cudaMalloc
                   32.95%  80.498ms         7  11.500ms  5.2400us  48.425ms  cudaLaunchKernel
                    8.13%  19.874ms         1  19.874ms  19.874ms  19.874ms  cudaGetSymbolAddress
                    3.17%  7.7416ms        12  645.14us     470ns  7.7169ms  cudaOccupancyMaxActiveBlocksPerMultiprocessor
                    1.46%  3.5612ms        16  222.58us  1.1000us  2.8716ms  cudaFree
                    1.30%  3.1676ms         1  3.1676ms  3.1676ms  3.1676ms  cuLibraryUnload
                    0.60%  1.4766ms         1  1.4766ms  1.4766ms  1.4766ms  cudaHostAlloc
                    0.41%  1.0083ms       558  1.8060us      80ns  93.820us  cuDeviceGetAttribute
                    0.28%  677.69us         1  677.69us  677.69us  677.69us  cudaFreeHost
                    0.21%  519.95us         1  519.95us  519.95us  519.95us  cudaMemsetAsync
                    0.20%  493.68us      1634     302ns      80ns  47.610us  cuGetProcAddress
                    0.19%  472.54us         5  94.508us  30.631us  192.96us  cudaMemcpy
                    0.12%  281.34us        16  17.583us  2.1500us  155.92us  cudaStreamCreateWithFlags
                    0.06%  147.78us         1  147.78us  147.78us  147.78us  cudaGetDeviceProperties
                    0.06%  142.55us        42  3.3940us     200ns  68.380us  cudaDeviceGetAttribute
                    0.04%  109.17us         6  18.195us  4.8710us  37.790us  cuDeviceGetName
                    0.03%  63.660us        16  3.9780us  2.8500us  15.990us  cudaStreamDestroy
                    0.02%  47.170us        19  2.4820us     360ns  23.160us  cudaEventCreateWithFlags
                    0.02%  38.340us         5  7.6680us  1.2690us  19.480us  cudaDeviceSynchronize
                    0.01%  22.330us         5  4.4660us     200ns  14.600us  cudaGetDevice
                    0.01%  19.649us        19  1.0340us     340ns  12.121us  cudaEventDestroy
                    0.01%  13.419us         6  2.2360us      90ns  12.529us  cudaGetLastError
                    0.00%  10.232us         7  1.4610us     111ns  8.5310us  cuDeviceGet
                    0.00%  7.4200us         5  1.4840us     930ns  2.6700us  cuInit
                    0.00%  6.3800us         1  6.3800us  6.3800us  6.3800us  cudaDriverGetVersion
                    0.00%  6.2610us         1  6.2610us  6.2610us  6.2610us  cudaGetDeviceCount
                    0.00%  3.0000us         1  3.0000us  3.0000us  3.0000us  cuDeviceGetPCIBusId
                    0.00%  2.9100us         7     415ns     100ns  2.0500us  cuDeviceGetCount
                    0.00%  2.0400us         5     408ns     170ns     620ns  cuDeviceTotalMem
                    0.00%  1.9000us         1  1.9000us  1.9000us  1.9000us  cudaHostGetDevicePointer
                    0.00%  1.3200us         2     660ns     190ns  1.1300us  cuDevicePrimaryCtxRelease
                    0.00%  1.1190us         5     223ns     110ns     389ns  cuDeviceGetUuid
                    0.00%     979ns         5     195ns     120ns     400ns  cuModuleGetLoadingMode
                    0.00%     802ns         2     401ns     271ns     531ns  cudaGetDriverEntryPoint
                    0.00%     511ns         4     127ns     110ns     140ns  cuDriverGetVersion
