
Input X (2x3x4):
===========================
Batch 0:
  Seq 0: [  0.375,  0.797,  0.951,  0.183 ]
  Seq 1: [  0.732,  0.780,  0.599,  0.597 ]
  Seq 2: [  0.156,  0.446,  0.156,  0.100 ]

Batch 1:
  Seq 0: [  0.058,  0.459,  0.866,  0.334 ]
  Seq 1: [  0.601,  0.143,  0.708,  0.651 ]
  Seq 2: [  0.021,  0.056,  0.970,  0.722 ]


Weight Wq (4x4):
========================
[   0.8324,   0.9386,   0.2123,   0.0008 ]
[   0.1818,   0.9922,   0.1834,   0.6175 ]
[   0.3042,   0.6117,   0.5248,   0.0071 ]
[   0.4319,   0.0231,   0.2912,   0.5248 ]


Weight Wk (4x4):
========================
[   0.6119,   0.3999,   0.1395,   0.0467 ]
[   0.2921,   0.9738,   0.3664,   0.2328 ]
[   0.4561,   0.0906,   0.7852,   0.6184 ]
[   0.1997,   0.3825,   0.5142,   0.9832 ]


Weight Wv (4x4):
========================
[   0.5924,   0.4668,   0.0465,   0.8599 ]
[   0.6075,   0.6803,   0.1705,   0.4505 ]
[   0.0651,   0.0133,   0.9489,   0.9422 ]
[   0.9656,   0.5633,   0.8084,   0.3854 ]


Attention Output (2x3x4):
====================================
Batch 0:
  Seq 0: [  0.324,  0.286,  0.260,  0.256 ]
  Seq 1: [  0.252,  0.216,  0.208,  0.208 ]
  Seq 2: [  0.579,  0.507,  0.461,  0.466 ]

Batch 1:
  Seq 0: [  0.548,  0.333,  0.454,  0.498 ]
  Seq 1: [  0.496,  0.320,  0.422,  0.437 ]
  Seq 2: [  0.360,  0.227,  0.305,  0.319 ]

