0 verbose cli /p/software/fs/jusuf/stages/2025/software/nodejs/20.13.1-GCCcore-13.3.0/bin/node /p/software/default/stages/2025/software/nodejs/20.13.1-GCCcore-13.3.0/bin/npm
1 info using npm@10.5.2
2 info using node@v20.13.1
3 timing npm:load:whichnode Completed in 1ms
4 timing config:load:defaults Completed in 1ms
5 timing config:load:file:/p/software/fs/jusuf/stages/2025/software/nodejs/20.13.1-GCCcore-13.3.0/lib/node_modules/npm/npmrc Completed in 1ms
6 timing config:load:builtin Completed in 1ms
7 timing config:load:cli Completed in 3ms
8 timing config:load:env Completed in 8ms
9 timing config:load:project Completed in 3ms
10 timing config:load:file:/p/home/jusers/marxen1/jusuf/.npmrc Completed in 0ms
11 timing config:load:user Completed in 0ms
12 timing config:load:file:/p/software/fs/jusuf/stages/2025/software/nodejs/20.13.1-GCCcore-13.3.0/etc/npmrc Completed in 0ms
13 timing config:load:global Completed in 1ms
14 timing config:load:setEnvs Completed in 1ms
15 timing config:load Completed in 18ms
16 timing npm:load:configload Completed in 18ms
17 timing config:load:flatten Completed in 3ms
18 timing npm:load:mkdirpcache Completed in 0ms
19 timing npm:load:mkdirplogs Completed in 1ms
20 verbose title npm prefix
21 verbose argv "prefix" "--global"
22 timing npm:load:setTitle Completed in 0ms
23 timing npm:load:display Completed in 1ms
24 verbose logfile logs-max:10 dir:/p/home/jusers/marxen1/jusuf/.npm/_logs/2025-08-25T14_58_32_353Z-
25 verbose logfile /p/home/jusers/marxen1/jusuf/.npm/_logs/2025-08-25T14_58_32_353Z-debug-0.log
26 timing npm:load:logFile Completed in 4ms
27 timing npm:load:timers Completed in 0ms
28 timing npm:load:configScope Completed in 0ms
29 timing npm:load Completed in 56ms
30 timing command:prefix Completed in 2ms
31 verbose exit 0
32 timing npm Completed in 70ms
33 info ok
